c:\users\pc\desktop\projekti\crud\trgovina-odjece-i-obuce-u-c\x64\debug\vc143.pdb
c:\users\pc\desktop\projekti\crud\trgovina-odjece-i-obuce-u-c\x64\debug\vc143.idb
c:\users\pc\desktop\projekti\crud\trgovina-odjece-i-obuce-u-c\x64\debug\memory.obj
c:\users\pc\desktop\projekti\crud\trgovina-odjece-i-obuce-u-c\x64\debug\functions.obj
c:\users\pc\desktop\projekti\crud\trgovina-odjece-i-obuce-u-c\x64\debug\main.obj
c:\users\pc\desktop\projekti\crud\trgovina-odjece-i-obuce-u-c\x64\debug\keminprojekt.exe
c:\users\pc\desktop\projekti\crud\trgovina-odjece-i-obuce-u-c\x64\debug\keminprojekt.ilk
c:\users\pc\desktop\projekti\crud\trgovina-odjece-i-obuce-u-c\x64\debug\keminprojekt.pdb
c:\users\student\desktop\trgovina-odjece-i-obuce-u-c-main\x64\debug\functions.obj
c:\users\student\desktop\trgovina-odjece-i-obuce-u-c-main\x64\debug\main.obj
c:\users\student\desktop\trgovina-odjece-i-obuce-u-c-main\x64\debug\memory.obj
c:\users\student\desktop\trgovina-odjece-i-obuce-u-c-main\x64\debug\keminprojekt.ilk
c:\users\student\desktop\trgovina-odjece-i-obuce-u-c-main\x64\debug\vc143.idb
c:\users\student\desktop\trgovina-odjece-i-obuce-u-c-main\x64\debug\keminprojekt.pdb
c:\users\student\desktop\trgovina-odjece-i-obuce-u-c-main\x64\debug\vc143.pdb
c:\users\student\desktop\trgovina-odjece-i-obuce-u-c-main\x64\debug\keminprojekt.exe
c:\users\student\desktop\trgovina-odjece-i-obuce-u-c-main\x64\debug\keminprojekt.tlog\cl.command.1.tlog
c:\users\student\desktop\trgovina-odjece-i-obuce-u-c-main\x64\debug\keminprojekt.tlog\cl.read.1.tlog
c:\users\student\desktop\trgovina-odjece-i-obuce-u-c-main\x64\debug\keminprojekt.tlog\cl.write.1.tlog
c:\users\student\desktop\trgovina-odjece-i-obuce-u-c-main\x64\debug\keminprojekt.tlog\link.command.1.tlog
c:\users\student\desktop\trgovina-odjece-i-obuce-u-c-main\x64\debug\keminprojekt.tlog\link.read.1.tlog
c:\users\student\desktop\trgovina-odjece-i-obuce-u-c-main\x64\debug\keminprojekt.tlog\link.write.1.tlog
